0
0
4945
2
9560
2
4945
5
0
0
0
0
0
0
8017
1
0
0
7635
3
0
0
2125
1
0
0
2
1
3124
10
1222
5
0
0
0
0
57
1
318
2
0
0
0
0
0
0
0
0
118
3
32
2
3428
2
0
0
9996
1
13957
5
0
0
0
0
9560
7
0
0
0
0
1705
2
0
0
0
0
0
0
0
0
0
0
0
0
101
4
0
0
231
5
0
0
0
0
1449
1
0
0
1029
5
0
0
0
0
0
0
1
1
7635
1
0
0
3705
1
0
0
4945
4
0
0
751
1
934
7
0
0
322
4
0
0
18
1
2121
3
0
0
0
0
0
0
0
0
0
0
5904
1
0
0
0
0
0
0
0
0
12
2
0
0
0
0
718
1
0
0
836
1
0
0
2840
1
0
0
0
0
7635
1
0
0
0
0
0
0
0
0
0
0
2248
3
3354
5
115
1
44
1
0
0
1456
3
0
0
0
0
0
0
0
0
0
0
0
0
180
3
0
0
0
0
0
0
1705
1
4
2
0
0
0
0
45
8
0
0
0
0
0
0
0
0
0
0
0
0
0
0
0
0
0
0
6894
1
0
0
0
0
0
0
0
0
0
0
9560
3
2
1
6894
1
0
0
0
0
1583
5
0
0
0
0
105
1
8
3
0
0
8017
1
0
0
0
0
0
0
0
0
999
1
0
0
0
0
0
0
0
0
0
0
0
0
0
0
2
1
0
0
150
1
0
0
1
1
1323
3
0
0
6894
1
0
0
1092
1
3428
3
0
0
0
0
890
2
0
0
0
0
118
2
0
0
3
3
0
0
0
0
26
1
1094
2
0
0
0
0
0
0
0
0
168
1
0
0
0
0
120
2
0
0
0
0
1
1
0
0
834
2
0
0
0
0
0
0
172
2
0
0
0
0
935
5
0
0
0
0
1030
3
0
0
0
0
9996
2
1094
1
0
0
836
1
0
0
0
0
0
0
0
0
718
1
0
0
0
0
0
0
0
0
2
2
0
0
137
1
20
1
3428
2
439
1
0
0
0
0
472
1
0
0
0
0
0
0
0
0
25
7
6894
1
200
1
0
0
332
1
3124
1
0
0
2496
7
8017
3
711
5
0
0
0
0
0
0
0
0
2840
7
0
0
0
0
0
0
0
0
0
0
0
0
0
0
0
0
0
0
0
0
0
0
0
0
1
1
0
0
0
0
9996
1
0
0
0
0
0
0
0
0
752
1
0
0
0
0
0
0
0
0
2
1
331
1
0
0
376
1
0
0
0
0
814
3
0
0
0
0
0
0
0
0
13957
2
323
1
0
0
0
0
397
2
0
0
0
0
0
0
316
1
0
0
0
0
0
0
1
1
7
1
0
0
0
0
0
0
0
0
0
0
0
0
0
0
0
0
0
0
0
0
5904
1
0
0
0
0
0
0
0
0
9560
2
0
0
0
0
0
0
0
0
0
0
13957
2
0
0
2123
2
7635
2
0
0
0
0
0
0
0
0
0
0
0
0
0
0
0
0
8017
1
0
0
13957
1
0
0
0
0
0
0
104
2
0
0
1881
2
0
0
0
0
0
0
0
0
0
0
0
0
0
0
118
3
0
0
814
2
257
2
4438
4
387
2
0
0
14
1
0
0
0
0
3062
2
0
0
0
0
9996
7
6894
1
0
0
5904
1
0
0
0
0
1
1
185
1
9996
2
0
0
0
0
0
0
0
0
0
0
0
0
0
0
0
0
0
0
7
4
5904
1
0
0
0
0
0
0
0
0
890
1
0
0
0
0
0
0
0
0
655
1
0
0
0
0
0
0
0
0
922
1
0
0
190
1
0
0
0
0
0
0
0
0
867
2
13957
1
0
0
0
0
0
0
0
0
9996
2
0
0
432
3
0
0
3709
1
607
3
0
0
0
0
0
0
0
0
0
0
1
1
0
0
8
1
2489
3
0
0
2419
2
0
0
999
7
0
0
0
0
16
1
0
0
0
0
0
0
8017
2
935
1
0
0
55
1
0
0
0
0
0
0
4
4
191
2
4438
1
0
0
0
0
0
0
0
0
0
0
867
1
0
0
207
4
0
0
0
0
0
0
0
0
0
0
0
0
0
0
0
0
43
1
6
3
0
0
0
0
11
6
0
0
0
0
0
0
1089
2
9996
1
0
0
0
0
0
0
1793
1
55
1
0
0
0
0
58
1
1363
4
0
0
0
0
0
0
0
0
3
1
0
0
0
0
0
0
223
4
0
0
28
1
0
0
0
0
0
0
477
1
0
0
4945
1
0
0
44
1
0
0
541
2
1881
2
0
0
0
0
678
1
0
0
9996
2
2078
3
0
0
4438
4
463
1
0
0
0
0
0
0
191
3
752
4
0
0
0
0
20
1
5904
1
108
2
8017
1
0
0
0
0
56
2
698
2
0
0
0
0
0
0
5271
1
2
1
10
1
0
0
8017
1
0
0
0
0
3428
1
0
0
0
0
0
0
0
0
22
1
10
1
0
0
0
0
0
0
0
0
0
0
0
0
74
2
0
0
0
0
0
0
79
1
0
0
0
0
2
2
0
0
0
0
65
1
0
0
0
0
298
1
15
6
589
3
2125
1
0
0
8017
2
5904
2
0
0
66
1
0
0
200
2
3
1
0
0
0
0
1094
2
3428
2
0
0
1030
2
2078
2
0
0
0
0
0
0
8017
2
0
0
1705
9
184
2
0
0
0
0
248
1
3709
1
0
0
0
0
2489
1
0
0
3428
1
0
0
0
0
0
0
0
0
0
0
0
0
0
0
34
2
0
0
0
0
0
0
0
0
0
0
2
2
0
0
629
1
8017
5
1881
1
0
0
0
0
3709
2
0
0
397
1
0
0
0
0
439
3
0
0
0
0
535
2
0
0
1
1
2496
1
1777
7
0
0
9560
1
1881
4
0
0
2
1
0
0
0
0
0
0
0
0
0
0
1056
2
321
2
0
0
0
0
0
0
0
0
648
1
0
0
5271
5
0
0
0
0
0
0
1970
4
0
0
1803
1
0
0
0
0
0
0
3
2
0
0
0
0
0
0
0
0
934
1
0
0
142
2
25
2
0
0
0
0
5904
1
6894
7
0
0
0
0
0
0
0
0
82
1
137
8
3124
4
15
4
248
1
0
0
245
2
8017
3
0
0
4945
3
9996
1
0
0
0
0
0
0
1622
1
93
1
2496
3
331
1
0
0
1099
1
0
0
370
6
3
2
10
1
0
0
9996
1
814
3
0
0
0
0
0
0
3354
3
0
0
488
1
0
0
9996
8
0
0
2496
9
0
0
228
4
26
2
13957
3
0
0
3705
1
0
0
0
0
0
0
0
0
589
4
0
0
0
0
0
0
5904
3
3062
2
0
0
294
3
0
0
0
0
0
0
0
0
7
1
3705
2
0
0
0
0
0
0
7
6
0
0
0
0
0
0
0
0
0
0
0
0
0
0
0
0
0
0
0
0
0
0
1116
1
66
2
0
0
259
1
17
2
9560
3
0
0
0
0
2496
4
0
0
0
0
0
0
0
0
0
0
623
1
935
3
0
0
728
4
142
3
1793
5
0
0
0
0
3354
4
0
0
0
0
0
0
5904
4
0
0
0
0
0
0
46
2
0
0
0
0
0
0
0
0
0
0
0
0
9996
2
0
0
0
0
0
0
9560
2
247
1
0
0
9996
4
0
0
0
0
0
0
0
0
1052
3
387
4
0
0
115
2
0
0
0
0
0
0
0
0
0
0
0
0
311
1
725
2
463
2
0
0
2121
5
0
0
0
0
0
0
0
0
2840
1
0
0
1323
5
0
0
13957
5
0
0
0
0
0
0
1174
1
0
0
0
0
0
0
0
0
0
0
23
1
0
0
113
1
0
0
469
2
482
3
0
0
0
0
80
6
0
0
0
0
74
1
0
0
0
0
0
0
0
0
0
0
0
0
0
0
0
0
46
1
5904
3
0
0
0
0
0
0
0
0
8017
2
32
1
0
0
0
0
0
0
0
0
0
0
9
4
0
0
1803
2
0
0
0
0
5271
1
14
2
0
0
276
3
4
2
4438
4
276
1
6894
2
0
0
0
0
0
0
0
0
9996
1
12
2
9996
1
1
1
0
0
0
0
0
0
0
0
0
0
6894
2
9560
4
0
0
2121
2
0
0
0
0
1705
1
24
3
0
0
0
0
0
0
0
0
5904
1
1636
1
0
0
435
2
2125
1
0
0
23
3
13957
2
0
0
211
4
0
0
17
1
0
0
9560
1
0
0
0
0
142
2
0
0
0
0
0
0
0
0
0
0
5271
5
907
3
12
1
332
1
0
0
0
0
0
0
0
0
5904
3
0
0
0
0
0
0
0
0
814
2
0
0
0
0
0
0
13957
1
0
0
310
2
119
2
0
0
0
0
0
0
9996
5
5271
1
0
0
0
0
0
0
3354
2
1551
1
0
0
0
0
0
0
0
0
9560
1
0
0
0
0
0
0
55
2
2
1
127
1
0
0
0
0
0
0
0
0
17
1
0
0
288
1
0
0
0
0
4438
2
0
0
0
0
1
1
0
0
208
5
0
0
0
0
13957
1
0
0
0
0
43
2
332
3
0
0
0
0
0
0
223
1
154
6
0
0
0
0
660
3
0
0
3124
1
0
0
142
3
13
1
9560
2
0
0
0
0
1793
1
1
1
0
0
