5
10
6775
16988
7315
356
68
7315
7666
21
1203
1137
1
1
1580
103
3
0
0
3969
372
1
78
2233
0
32
53
0
733
327
363
134
0
1
7554
8323
10257
5255
10257
614
0
545
1695
880
9078
7666
3586
10257
83
10257
11120
18
266
2
375
12
53
149
0
0
10257
0
35
826
0
250
0
0
1
146
5255
28
0
17
6527
0
0
1976
312
2501
5240
63
0
1183
331
628
0
2327
7
149
61
16988
6775
47
0
1340
5255
7315
29
2
44
3305
2480
4162
170
54
6775
52
0
2433
1
825
3458
1481
19
0
1976
0
0
4
0
1717
3969
2946
0
1005
0
2178
1443
1214
0
7666
675
5
0
44
174
7315
0
9078
3417
1003
0
1498
733
3825
9078
1863
7315
11
8323
6
950
3778
3
91
1141
7554
1
7
0
4
0
0
1
0
0
0
0
1
442
46
467
0
14
3969
1863
250
635
8323
3277
0
0
385
8323
16988
1
1
10257
15
301
356
16988
0
77
3825
6775
10257
7666
1142
606
0
442
0
103
0
152
42
7315
750
0
6
0
750
788
5
32
7666
1720
7554
55
4317
4
0
950
0
0
6775
4
7554
0
252
500
9
5240
998
0
3647
0
840
954
5240
1860
497
0
0
0
2917
4
7
0
173
43
1
2
3458
3277
16988
98
252
0
0
56
9
0
16988
0
16988
265
8323
0
321
7554
4162
8323
0
7554
0
0
183
10257
1142
2
17
750
1212
0
0
4
202
367
0
58
4
5069
249
5
46
3973
11
0
1
7
0
2917
6527
77
11120
0
551
3
0
467
3973
16988
19
7315
0
1
9078
0
8174
0
1498
2501
16988
949
3586
8174
0
0
0
1253
0
11120
0
3458
0
229
10
105
32
0
0
142
0
614
2178
153
6775
4317
10257
545
7315
8323
0
276
6775
8174
1212
2656
3
5069
19
0
1
6
5069
815
752
7315
21
126
8174
1717
9
3825
260
684
3778
586
651
327
432
3973
82
3778
9078
0
0
8323
10257
1976
20
0
146
0
815
1340
0
3305
52
1037
385
3778
250
0
18
5255
10257
0
0
0
3825
0
825
0
2
372
672
16988
3969
0
16988
52
7666
7315
5255
3647
0
1498
10257
5255
1964
0
0
0
2433
3825
10257
0
0
8323
0
442
304
103
16988
21
658
675
50
8323
10
4317
1095
572
3417
0
276
0
5255
0
0
3458
777
0
1964
7554
330
47
2917
2
6527
1203
2
2
16
484
285
1253
42
1003
0
0
2233
3969
116
8174
16988
1964
395
20
2917
39
6775
2178
223
2480
84
1527
0
43
1
2178
7315
7
26
672
6775
66
2
2433
3969
4
42
10257
2
642
2138
672
250
0
0
0
81
2656
0
2946
5240
12
0
2501
775
0
752
500
373
6775
0
5240
1203
5069
99
6527
11120
380
0
0
413
0
0
0
210
15
50
0
770
1695
800
404
41
16988
815
465
42
8323
64
0
0
0
7554
518
25
0
123
0
0
0
15
0
9
6
229
39
4317
9078
7
1455
2178
0
0
2946
26
385
28
658
4162
0
4162
235
1037
46
3458
84
1214
7666
1005
8174
2147
6
500
1498
2178
115
0
1645
1232
6
0
752
82
1
63
5
2656
743
16988
0
2501
1527
2147
8174
5255
2138
8323
0
9078
411
0
342
0
13
1863
7666
1666
8174
139
4317
2501
73
2656
10257
2656
53
10257
5255
24
998
0
0
9078
0
0
4317
2656
1527
0
582
954
944
8323
0
651
16988
2138
3647
3778
6527
7554
11120
280
6775
8323
2433
5069
4162
32
1498
0
0
0
3969
9078
684
59
500
6775
1860
4
1976
252
0
3825
0
442
0
0
2917
0
6527
7554
0
49
5069
16988
0
239
27
16988
0
0
5069
10257
1137
4
515
9
840
1
16988
6527
1141
2946
26
1142
3973
2638
287
6527
0
413
0
0
0
340
3277
465
861
3973
0
8174
5240
20
0
3417
9
0
140
67
354
0
0
5255
10257
183
2138
3973
1409
195
0
58
3973
0
2327
77
11120
1253
6
1976
3973
0
0
340
9078
10
66
3305
1860
18
6527
1720
27
6775
7
9
18
8323
3586
788
60
1976
0
399
0
6775
169
1
413
1498
400
6775
16988
1860
0
2
0
954
15
1
413
27
0
467
28
34
1253
599
111
0
126
276
0
52
21
0
814
10257
10257
0
48
134
18
115
0
0
359
9
5255
54
3305
0
0
90
0
10257
3417
861
7666
3969
39
7666
3778
0
32
16988
750
1223
118
265
2638
0
7554
5240
73
9078
5069
11120
800
56
225
1695
775
0
0
13
340
2
0
7
313
16988
1
5069
0
16988
333
7554
0
754
168
1212
33
658
754
0
6527
5255
11120
463
0
5255
344
373
0
16988
920
36
0
5240
11120
1340
1645
3417
754
3778
188
8323
11120
2917
3458
7666
6527
372
3586
15
18
9078
0
16988
6527
2656
60
13
58
14
5069
0
3
3586
6775
351
16988
0
0
518
2
3277
3305
6775
1455
1443
2638
10
271
3417
317
2
826
1443
753
39
788
11120
3305
111
2656
467
1149
861
2656
4317
1
84
2656
0
6
113
2233
2
0
8323
0
0
2178
635
434
964
373
5240
