0
38
4520
0
0
0
0
0
108
0
8161
182
0
0
11167
0
0
0
0
0
855
0
0
2473
2
0
63
2241
0
95
4306
0
0
0
589
0
0
416
0
0
0
0
0
0
0
8
0
0
1267
1695
52
0
0
7851
11167
39
0
162
44266
0
0
0
7851
0
8161
0
0
0
0
0
1160
0
44266
0
0
0
0
0
44266
6956
0
2021
0
27
2763
8
0
0
0
367
0
0
0
0
29
24
0
0
0
4212
0
0
6
0
0
1954
767
0
0
44266
0
44266
58
0
0
0
0
0
1695
32
0
0
0
852
0
44266
0
174
0
0
2064
0
0
0
1
0
0
0
3107
0
0
0
0
0
1012
44266
0
13054
0
0
0
0
0
0
0
0
0
0
0
0
4653
580
0
0
156
0
3107
2
4306
0
0
7851
0
0
841
0
0
44266
0
876
0
0
0
26
0
0
0
0
0
0
0
0
0
0
0
0
0
6
118
855
0
0
44266
0
0
1125
7851
0
11167
2473
23
0
0
0
1182
0
3
0
5
0
0
0
0
44266
0
20
0
0
0
3677
0
0
29
8161
0
8
0
18
3
13054
0
2235
592
0
55
1
0
5
0
0
0
0
13054
1
0
241
0
0
360
0
1
0
4212
27
44266
0
2479
0
0
450
570
0
0
158
4306
1667
0
0
0
0
16
0
11167
0
0
0
0
679
7
0
0
0
0
0
1695
6956
0
11167
13054
0
0
7
8161
3880
0
0
0
0
0
0
0
0
0
0
0
0
0
2479
0
0
110
0
1651
0
0
0
0
2274
0
0
0
13054
0
0
0
0
1
0
0
26
0
0
939
0
0
0
1
0
263
0
0
44266
0
0
0
55
0
0
6
0
0
27
0
52
0
0
4520
10
0
233
0
820
7851
0
0
185
44266
2274
0
3107
0
2473
12
0
0
0
4
0
3107
0
102
0
0
0
0
3880
1610
45
0
0
0
0
0
45
8161
1399
0
0
4653
0
0
7851
2274
2701
795
0
0
0
0
154
323
0
0
0
0
0
0
0
0
0
7851
431
3196
556
1160
0
0
0
0
0
27
0
49
0
0
0
0
0
0
0
0
37
0
0
0
592
19
1610
0
0
2844
198
0
0
0
3389
0
0
0
2473
0
0
44266
0
0
0
0
6956
0
2844
443
24
0
0
13054
2413
44266
0
1012
35
65
0
0
0
3880
10
0
8161
13
0
3
0
0
0
0
820
0
71
0
157
812
13054
0
0
0
181
0
0
5
0
1925
44266
0
0
13054
0
44266
0
0
0
0
0
0
44266
0
7851
0
2473
679
6
0
344
64
9
7851
2763
11167
0
1925
44266
0
3677
0
6956
44266
0
2763
0
0
172
0
44266
3389
0
30
2
0
44266
0
820
0
2274
0
0
0
0
710
0
0
0
0
3880
0
0
51
1054
0
13054
0
0
0
0
2413
138
2
0
0
0
9
32
0
0
0
0
1586
0
11
0
396
1888
0
0
1160
0
11167
0
0
398
11167
2763
0
44266
0
2844
0
0
0
158
0
19
0
0
225
0
2413
0
42
2021
482
0
104
1
398
0
0
0
0
242
0
0
0
46
0
0
44266
580
0
0
0
0
0
0
0
11
0
0
285
13054
1229
0
0
0
0
4653
2064
0
6956
2479
0
4212
0
0
0
0
2763
0
0
11167
0
0
0
0
0
4
3
0
7851
21
582
147
410
177
0
0
0
0
2473
